Arguments: 
  C:\Program Files\nodejs\node.exe C:\Users\Настя\AppData\Roaming\npm\node_modules\yarn\bin\yarn.js publish

PATH: 
  C:\Windows\system32;C:\Windows;C:\Windows\System32\Wbem;C:\Windows\System32\WindowsPowerShell\v1.0\;C:\Windows\System32\OpenSSH\;C:\Program Files\nodejs\;C:\Program Files\Git\cmd;C:\Users\Настя\AppData\Local\Microsoft\WindowsApps;C:\Users\Настя\AppData\Local\Programs\Microsoft VS Code\bin;C:\Users\Настя\AppData\Roaming\npm;C:\Program Files\heroku\bin

Yarn version: 
  1.22.19

Node version: 
  18.2.0

Platform: 
  win32 x64

Trace: 
  Error: canceled
      at Interface.<anonymous> (C:\Users\Настя\AppData\Roaming\npm\node_modules\yarn\lib\cli.js:137150:13)
      at Interface.emit (node:events:527:28)
      at [_ttyWrite] [as _ttyWrite] (node:internal/readline/interface:1123:18)
      at ReadStream.onkeypress (node:internal/readline/interface:272:20)
      at ReadStream.emit (node:events:527:28)
      at emitKeys (node:internal/readline/utils:358:14)
      at emitKeys.next (<anonymous>)
      at ReadStream.onData (node:internal/readline/emitKeypressEvents:64:36)
      at ReadStream.emit (node:events:527:28)
      at addChunk (node:internal/streams/readable:324:12)

npm manifest: 
  {
  	"name": "leafy-utils",
  	"version": "2.0.9",
  	"description": "Just some of my scripts",
  	"main": "exports.js",
  	"author": "leaftail1880",
  	"license": "ISC",
  	"type": "module",
  	"scripts": {
  		"install": "node install.js"
  	},
  	"files": [
  		"leafs",
  		"src",
  		"exports.js",
  		"install.js",
  		"README.md",
  		"LICENSE",
  		"jsconfig.json"
  	],
  	"exports": {
  		".": {
  			"default": "./index.js"
  		},
  		"./*": {
  			"default": "./src/*"
  		}
  	}
  }

yarn manifest: 
  No manifest

Lockfile: 
  # THIS IS AN AUTOGENERATED FILE. DO NOT EDIT THIS FILE DIRECTLY.
  # yarn lockfile v1
